<?xml version="1.0" encoding="UTF-8"?>
<!-- Generated by org.testng.reporters.JUnitReportReporter -->
<testsuite hostname="LAPTOP-11K5SKBN" failures="0" tests="4" name="com.qa.testscripts.MainTest2" time="56.517" errors="0" timestamp="2024-12-22T16:08:12 IST" skipped="0">
  <testcase classname="com.qa.testscripts.MainTest2" name="HomepageLanding1" time="0.029"/>
  <testcase classname="com.qa.testscripts.MainTest2" name="LoginTest2" time="23.234"/>
  <testcase classname="com.qa.testscripts.MainTest2" name="negativeusername" time="16.566"/>
  <testcase classname="com.qa.testscripts.MainTest2" name="negativepassword" time="16.688"/>
</testsuite> <!-- com.qa.testscripts.MainTest2 -->
