<?xml version="1.0" encoding="UTF-8"?>
<!-- Generated by org.testng.reporters.JUnitReportReporter -->
<testsuite hostname="LAPTOP-11K5SKBN" failures="0" tests="1" name="com.qa.testscripts.MainTest" time="21.851" errors="0" timestamp="2024-12-22T13:59:32 IST" skipped="0">
  <testcase classname="com.qa.testscripts.MainTest" name="BasicControls" time="21.851"/>
</testsuite> <!-- com.qa.testscripts.MainTest -->
