<?xml version="1.0" encoding="UTF-8"?>
<!-- Generated by org.testng.reporters.JUnitReportReporter -->
<testsuite hostname="LAPTOP-11K5SKBN" failures="0" tests="3" name="com.qa.testscripts.MainTest" time="31.466" errors="0" timestamp="2024-12-08T18:43:00 IST" skipped="0">
  <testcase classname="com.qa.testscripts.MainTest" name="HomepageLanding" time="0.220"/>
  <testcase classname="com.qa.testscripts.MainTest" name="clickonElements" time="2.271"/>
  <testcase classname="com.qa.testscripts.MainTest" name="saucedemologin" time="28.975"/>
</testsuite> <!-- com.qa.testscripts.MainTest -->
