<?xml version="1.0" encoding="UTF-8"?>
<!-- Generated by org.testng.reporters.JUnitReportReporter -->
<testsuite hostname="LAPTOP-11K5SKBN" failures="0" tests="3" name="com.qa.testscripts.MainTest" time="30.286" errors="0" timestamp="2024-12-17T13:57:16 IST" skipped="0">
  <testcase classname="com.qa.testscripts.MainTest" name="HomepageLanding" time="0.028"/>
  <testcase classname="com.qa.testscripts.MainTest" name="clickonElements" time="2.289"/>
  <testcase classname="com.qa.testscripts.MainTest" name="saucedemologin" time="27.969"/>
</testsuite> <!-- com.qa.testscripts.MainTest -->
